android/app/build/intermediates/manifest_merge_blame_file/debug/manifest-merger-blame-debug-report.txt
1<?xml version="1.0" encoding="utf-8"?>
2<manifest xmlns:android="http://schemas.android.com/apk/res/android"
3    package="com.bestlocalchef"
4    android:versionCode="6"
5    android:versionName="6.0" >
6
7    <uses-sdk
8        android:minSdkVersion="16"
9        android:targetSdkVersion="28" />
10
11    <uses-permission android:name="android.permission.SYSTEM_ALERT_WINDOW" />
11-->src\debug\AndroidManifest.xml:5:5-77
11-->src\debug\AndroidManifest.xml:5:22-75
12    <uses-permission android:name="android.permission.INTERNET" />
12-->src\main\AndroidManifest.xml:4:5-67
12-->src\main\AndroidManifest.xml:4:22-64
13    <uses-permission android:name="android.permission.WAKE_LOCK" />
13-->src\main\AndroidManifest.xml:5:5-68
13-->src\main\AndroidManifest.xml:5:22-65
14    <uses-permission android:name="android.permission.VIBRATE" />
14-->src\main\AndroidManifest.xml:6:5-66
14-->src\main\AndroidManifest.xml:6:22-63
15    <uses-permission android:name="android.permission.RECEIVE_BOOT_COMPLETED" />
15-->src\main\AndroidManifest.xml:7:5-80
15-->src\main\AndroidManifest.xml:7:22-78
16    <uses-permission android:name="android.permission.ACCESS_WIFI_STATE" />
16-->[com.facebook.flipper:flipper:0.33.1] AndroidManifest.xml:16:5-76
16-->[com.facebook.flipper:flipper:0.33.1] AndroidManifest.xml:16:22-73
17    <uses-permission android:name="android.permission.WRITE_EXTERNAL_STORAGE" />
17-->[:react-native-image-crop-picker] AndroidManifest.xml:10:5-81
17-->[:react-native-image-crop-picker] AndroidManifest.xml:10:22-78
18    <uses-permission android:name="android.permission.ACCESS_COARSE_LOCATION" /> <!-- Although the *SdkVersion is captured in gradle build files, this is required for non gradle builds -->
18-->[:react-native-maps] AndroidManifest.xml:10:5-81
18-->[:react-native-maps] AndroidManifest.xml:10:22-78
19    <!-- <uses-sdk android:minSdkVersion="14"/> -->
20    <uses-permission android:name="android.permission.ACCESS_NETWORK_STATE" />
20-->[com.google.android.datatransport:transport-backend-cct:2.2.0] AndroidManifest.xml:25:5-79
20-->[com.google.android.datatransport:transport-backend-cct:2.2.0] AndroidManifest.xml:25:22-76
21
22    <uses-feature
22-->[com.google.android.gms:play-services-maps:16.1.0] AndroidManifest.xml:26:5-28:35
23        android:glEsVersion="0x00020000"
23-->[com.google.android.gms:play-services-maps:16.1.0] AndroidManifest.xml:27:9-41
24        android:required="true" /> <!-- Required by older versions of Google Play services to create IID tokens -->
24-->[com.google.android.gms:play-services-maps:16.1.0] AndroidManifest.xml:28:9-32
25    <uses-permission android:name="com.google.android.c2dm.permission.RECEIVE" /> <!-- for android -->
25-->[com.google.firebase:firebase-iid:20.2.1] AndroidManifest.xml:26:5-82
25-->[com.google.firebase:firebase-iid:20.2.1] AndroidManifest.xml:26:22-79
26    <!-- <uses-permission android:name="com.android.launcher.permission.READ_SETTINGS"/> -->
27    <!-- <uses-permission android:name="com.android.launcher.permission.WRITE_SETTINGS"/> -->
28    <!-- <uses-permission android:name="com.android.launcher.permission.INSTALL_SHORTCUT" /> -->
29    <!-- <uses-permission android:name="com.android.launcher.permission.UNINSTALL_SHORTCUT" /> -->
30    <!-- for Samsung -->
31    <uses-permission android:name="com.sec.android.provider.badge.permission.READ" />
31-->[me.leolin:ShortcutBadger:1.1.22] AndroidManifest.xml:19:5-86
31-->[me.leolin:ShortcutBadger:1.1.22] AndroidManifest.xml:19:22-83
32    <uses-permission android:name="com.sec.android.provider.badge.permission.WRITE" /> <!-- for htc -->
32-->[me.leolin:ShortcutBadger:1.1.22] AndroidManifest.xml:20:5-87
32-->[me.leolin:ShortcutBadger:1.1.22] AndroidManifest.xml:20:22-84
33    <uses-permission android:name="com.htc.launcher.permission.READ_SETTINGS" />
33-->[me.leolin:ShortcutBadger:1.1.22] AndroidManifest.xml:23:5-81
33-->[me.leolin:ShortcutBadger:1.1.22] AndroidManifest.xml:23:22-78
34    <uses-permission android:name="com.htc.launcher.permission.UPDATE_SHORTCUT" /> <!-- for sony -->
34-->[me.leolin:ShortcutBadger:1.1.22] AndroidManifest.xml:24:5-83
34-->[me.leolin:ShortcutBadger:1.1.22] AndroidManifest.xml:24:22-80
35    <uses-permission android:name="com.sonyericsson.home.permission.BROADCAST_BADGE" />
35-->[me.leolin:ShortcutBadger:1.1.22] AndroidManifest.xml:27:5-88
35-->[me.leolin:ShortcutBadger:1.1.22] AndroidManifest.xml:27:22-85
36    <uses-permission android:name="com.sonymobile.home.permission.PROVIDER_INSERT_BADGE" /> <!-- for apex -->
36-->[me.leolin:ShortcutBadger:1.1.22] AndroidManifest.xml:28:5-92
36-->[me.leolin:ShortcutBadger:1.1.22] AndroidManifest.xml:28:22-89
37    <uses-permission android:name="com.anddoes.launcher.permission.UPDATE_COUNT" /> <!-- for solid -->
37-->[me.leolin:ShortcutBadger:1.1.22] AndroidManifest.xml:31:5-84
37-->[me.leolin:ShortcutBadger:1.1.22] AndroidManifest.xml:31:22-81
38    <uses-permission android:name="com.majeur.launcher.permission.UPDATE_BADGE" /> <!-- for huawei -->
38-->[me.leolin:ShortcutBadger:1.1.22] AndroidManifest.xml:34:5-83
38-->[me.leolin:ShortcutBadger:1.1.22] AndroidManifest.xml:34:22-80
39    <uses-permission android:name="com.huawei.android.launcher.permission.CHANGE_BADGE" />
39-->[me.leolin:ShortcutBadger:1.1.22] AndroidManifest.xml:37:5-91
39-->[me.leolin:ShortcutBadger:1.1.22] AndroidManifest.xml:37:22-88
40    <uses-permission android:name="com.huawei.android.launcher.permission.READ_SETTINGS" />
40-->[me.leolin:ShortcutBadger:1.1.22] AndroidManifest.xml:38:5-92
40-->[me.leolin:ShortcutBadger:1.1.22] AndroidManifest.xml:38:22-89
41    <uses-permission android:name="com.huawei.android.launcher.permission.WRITE_SETTINGS" /> <!-- for ZUK -->
41-->[me.leolin:ShortcutBadger:1.1.22] AndroidManifest.xml:39:5-93
41-->[me.leolin:ShortcutBadger:1.1.22] AndroidManifest.xml:39:22-90
42    <uses-permission android:name="android.permission.READ_APP_BADGE" /> <!-- for OPPO -->
42-->[me.leolin:ShortcutBadger:1.1.22] AndroidManifest.xml:42:5-73
42-->[me.leolin:ShortcutBadger:1.1.22] AndroidManifest.xml:42:22-70
43    <uses-permission android:name="com.oppo.launcher.permission.READ_SETTINGS" />
43-->[me.leolin:ShortcutBadger:1.1.22] AndroidManifest.xml:45:5-82
43-->[me.leolin:ShortcutBadger:1.1.22] AndroidManifest.xml:45:22-79
44    <uses-permission android:name="com.oppo.launcher.permission.WRITE_SETTINGS" /> <!-- for EvMe -->
44-->[me.leolin:ShortcutBadger:1.1.22] AndroidManifest.xml:46:5-83
44-->[me.leolin:ShortcutBadger:1.1.22] AndroidManifest.xml:46:22-80
45    <uses-permission android:name="me.everything.badger.permission.BADGE_COUNT_READ" />
45-->[me.leolin:ShortcutBadger:1.1.22] AndroidManifest.xml:49:5-88
45-->[me.leolin:ShortcutBadger:1.1.22] AndroidManifest.xml:49:22-85
46    <uses-permission android:name="me.everything.badger.permission.BADGE_COUNT_WRITE" />
46-->[me.leolin:ShortcutBadger:1.1.22] AndroidManifest.xml:50:5-89
46-->[me.leolin:ShortcutBadger:1.1.22] AndroidManifest.xml:50:22-86
47
48    <application
48-->src\main\AndroidManifest.xml:9:5-47:19
49        android:name="com.bestlocalchef.MainApplication"
49-->src\main\AndroidManifest.xml:10:7-38
50        android:allowBackup="false"
50-->src\main\AndroidManifest.xml:14:7-34
51        android:appComponentFactory="androidx.core.app.CoreComponentFactory"
51-->[androidx.core:core:1.1.0] AndroidManifest.xml:24:18-86
52        android:debuggable="true"
53        android:icon="@mipmap/ic_launcher"
53-->src\main\AndroidManifest.xml:12:7-41
54        android:label="@string/app_name"
54-->src\main\AndroidManifest.xml:11:7-39
55        android:roundIcon="@mipmap/ic_launcher_round"
55-->src\main\AndroidManifest.xml:13:7-52
56        android:theme="@style/AppTheme"
56-->src\main\AndroidManifest.xml:16:7-38
57        android:usesCleartextTraffic="true" >
57-->src\main\AndroidManifest.xml:15:9-44
58        <meta-data
58-->src\main\AndroidManifest.xml:17:9-19:70
59            android:name="com.google.android.geo.API_KEY"
59-->src\main\AndroidManifest.xml:18:13-58
60            android:value="AIzaSyDKDPmLRvG5fNdDY3rQhFt14t0FeiJYTp4" />
60-->src\main\AndroidManifest.xml:19:13-68
61
62        <receiver android:name="com.dieam.reactnativepushnotification.modules.RNPushNotificationPublisher" />
62-->src\main\AndroidManifest.xml:21:9-110
62-->src\main\AndroidManifest.xml:21:19-107
63        <receiver android:name="com.dieam.reactnativepushnotification.modules.RNPushNotificationBootEventReceiver" >
63-->src\main\AndroidManifest.xml:22:9-26:20
63-->src\main\AndroidManifest.xml:22:19-115
64            <intent-filter>
64-->src\main\AndroidManifest.xml:23:13-25:29
65                <action android:name="android.intent.action.BOOT_COMPLETED" />
65-->src\main\AndroidManifest.xml:24:17-79
65-->src\main\AndroidManifest.xml:24:25-76
66            </intent-filter>
67        </receiver>
68
69        <service
69-->src\main\AndroidManifest.xml:27:9-33:19
70            android:name="com.dieam.reactnativepushnotification.modules.RNPushNotificationListenerService"
70-->src\main\AndroidManifest.xml:28:13-107
71            android:exported="false" >
71-->src\main\AndroidManifest.xml:29:13-37
72            <intent-filter>
72-->src\main\AndroidManifest.xml:30:13-32:29
73                <action android:name="com.google.firebase.MESSAGING_EVENT" />
73-->src\main\AndroidManifest.xml:31:17-78
73-->src\main\AndroidManifest.xml:31:25-75
74            </intent-filter>
75        </service>
76
77        <activity
77-->src\main\AndroidManifest.xml:34:7-44:18
78            android:name="com.bestlocalchef.MainActivity"
78-->src\main\AndroidManifest.xml:35:9-37
79            android:configChanges="keyboard|keyboardHidden|orientation|screenSize|uiMode"
79-->src\main\AndroidManifest.xml:37:9-86
80            android:label="@string/app_name"
80-->src\main\AndroidManifest.xml:36:9-41
81            android:launchMode="singleTask"
81-->src\main\AndroidManifest.xml:38:9-40
82            android:windowSoftInputMode="adjustResize" >
82-->src\main\AndroidManifest.xml:39:9-51
83            <intent-filter>
83-->src\main\AndroidManifest.xml:40:9-43:25
84                <action android:name="android.intent.action.MAIN" />
84-->src\main\AndroidManifest.xml:41:13-65
84-->src\main\AndroidManifest.xml:41:21-62
85
86                <category android:name="android.intent.category.LAUNCHER" />
86-->src\main\AndroidManifest.xml:42:13-73
86-->src\main\AndroidManifest.xml:42:23-70
87            </intent-filter>
88        </activity>
89        <activity android:name="com.facebook.react.devsupport.DevSettingsActivity" />
89-->src\main\AndroidManifest.xml:45:7-84
89-->src\main\AndroidManifest.xml:45:17-81
90
91        <provider
91-->[:react-native-image-crop-picker] AndroidManifest.xml:13:9-21:20
92            android:name="androidx.core.content.FileProvider"
92-->[:react-native-image-crop-picker] AndroidManifest.xml:14:13-62
93            android:authorities="com.bestlocalchef.provider"
93-->[:react-native-image-crop-picker] AndroidManifest.xml:15:13-60
94            android:exported="false"
94-->[:react-native-image-crop-picker] AndroidManifest.xml:16:13-37
95            android:grantUriPermissions="true" >
95-->[:react-native-image-crop-picker] AndroidManifest.xml:17:13-47
96            <meta-data
96-->[:react-native-image-crop-picker] AndroidManifest.xml:18:13-20:58
97                android:name="android.support.FILE_PROVIDER_PATHS"
97-->[:react-native-image-crop-picker] AndroidManifest.xml:19:17-67
98                android:resource="@xml/provider_paths" />
98-->[:react-native-image-crop-picker] AndroidManifest.xml:20:17-55
99        </provider>
100
101        <activity
101-->[:react-native-image-crop-picker] AndroidManifest.xml:23:9-25:72
102            android:name="com.yalantis.ucrop.UCropActivity"
102-->[:react-native-image-crop-picker] AndroidManifest.xml:24:13-60
103            android:theme="@style/Theme.AppCompat.Light.NoActionBar" />
103-->[:react-native-image-crop-picker] AndroidManifest.xml:25:13-69
104
105        <provider
105-->[:react-native-webview] AndroidManifest.xml:12:9-20:20
106            android:name="com.reactnativecommunity.webview.RNCWebViewFileProvider"
106-->[:react-native-webview] AndroidManifest.xml:13:13-83
107            android:authorities="com.bestlocalchef.fileprovider"
107-->[:react-native-webview] AndroidManifest.xml:14:13-64
108            android:exported="false"
108-->[:react-native-webview] AndroidManifest.xml:15:13-37
109            android:grantUriPermissions="true" >
109-->[:react-native-webview] AndroidManifest.xml:16:13-47
110            <meta-data
110-->[:react-native-image-crop-picker] AndroidManifest.xml:18:13-20:58
111                android:name="android.support.FILE_PROVIDER_PATHS"
111-->[:react-native-image-crop-picker] AndroidManifest.xml:19:17-67
112                android:resource="@xml/file_provider_paths" />
112-->[:react-native-image-crop-picker] AndroidManifest.xml:20:17-55
113        </provider>
114        <!--
115             FirebaseMessagingService performs security checks at runtime,
116             but set to not exported to explicitly avoid allowing another app to call it.
117        -->
118        <service
118-->[com.google.firebase:firebase-messaging:20.2.1] AndroidManifest.xml:28:9-35:19
119            android:name="com.google.firebase.messaging.FirebaseMessagingService"
119-->[com.google.firebase:firebase-messaging:20.2.1] AndroidManifest.xml:29:13-82
120            android:directBootAware="true"
120-->[com.google.firebase:firebase-messaging:20.2.1] AndroidManifest.xml:30:13-43
121            android:exported="false" >
121-->[com.google.firebase:firebase-messaging:20.2.1] AndroidManifest.xml:31:13-37
122            <intent-filter android:priority="-500" >
122-->src\main\AndroidManifest.xml:30:13-32:29
123                <action android:name="com.google.firebase.MESSAGING_EVENT" />
123-->src\main\AndroidManifest.xml:31:17-78
123-->src\main\AndroidManifest.xml:31:25-75
124            </intent-filter>
125        </service>
126        <service
126-->[com.google.firebase:firebase-messaging:20.2.1] AndroidManifest.xml:36:9-42:19
127            android:name="com.google.firebase.components.ComponentDiscoveryService"
127-->[com.google.firebase:firebase-messaging:20.2.1] AndroidManifest.xml:37:13-84
128            android:directBootAware="true"
128-->[com.google.firebase:firebase-common:19.3.0] AndroidManifest.xml:34:13-43
129            android:exported="false" >
129-->[com.google.firebase:firebase-messaging:20.2.1] AndroidManifest.xml:38:13-37
130            <meta-data
130-->[com.google.firebase:firebase-messaging:20.2.1] AndroidManifest.xml:39:13-41:85
131                android:name="com.google.firebase.components:com.google.firebase.messaging.FirebaseMessagingRegistrar"
131-->[com.google.firebase:firebase-messaging:20.2.1] AndroidManifest.xml:40:17-119
132                android:value="com.google.firebase.components.ComponentRegistrar" />
132-->[com.google.firebase:firebase-messaging:20.2.1] AndroidManifest.xml:41:17-82
133            <meta-data
133-->[com.google.firebase:firebase-datatransport:17.0.3] AndroidManifest.xml:28:13-30:85
134                android:name="com.google.firebase.components:com.google.firebase.datatransport.TransportRegistrar"
134-->[com.google.firebase:firebase-datatransport:17.0.3] AndroidManifest.xml:29:17-115
135                android:value="com.google.firebase.components.ComponentRegistrar" />
135-->[com.google.firebase:firebase-datatransport:17.0.3] AndroidManifest.xml:30:17-82
136            <meta-data
136-->[com.google.firebase:firebase-iid:20.2.1] AndroidManifest.xml:32:13-34:85
137                android:name="com.google.firebase.components:com.google.firebase.iid.Registrar"
137-->[com.google.firebase:firebase-iid:20.2.1] AndroidManifest.xml:33:17-96
138                android:value="com.google.firebase.components.ComponentRegistrar" />
138-->[com.google.firebase:firebase-iid:20.2.1] AndroidManifest.xml:34:17-82
139            <meta-data
139-->[com.google.firebase:firebase-installations:16.3.2] AndroidManifest.xml:17:13-19:85
140                android:name="com.google.firebase.components:com.google.firebase.installations.FirebaseInstallationsRegistrar"
140-->[com.google.firebase:firebase-installations:16.3.2] AndroidManifest.xml:18:17-127
141                android:value="com.google.firebase.components.ComponentRegistrar" />
141-->[com.google.firebase:firebase-installations:16.3.2] AndroidManifest.xml:19:17-82
142        </service>
143        <service
143-->[com.google.android.datatransport:transport-backend-cct:2.2.0] AndroidManifest.xml:29:9-35:19
144            android:name="com.google.android.datatransport.runtime.backends.TransportBackendDiscovery"
144-->[com.google.android.datatransport:transport-backend-cct:2.2.0] AndroidManifest.xml:30:13-103
145            android:exported="false" >
145-->[com.google.android.datatransport:transport-backend-cct:2.2.0] AndroidManifest.xml:31:13-37
146            <meta-data
146-->[com.google.android.datatransport:transport-backend-cct:2.2.0] AndroidManifest.xml:32:13-34:39
147                android:name="backend:com.google.android.datatransport.cct.CctBackendFactory"
147-->[com.google.android.datatransport:transport-backend-cct:2.2.0] AndroidManifest.xml:33:17-94
148                android:value="cct" />
148-->[com.google.android.datatransport:transport-backend-cct:2.2.0] AndroidManifest.xml:34:17-36
149        </service>
150        <service
150-->[com.google.android.datatransport:transport-runtime:2.2.0] AndroidManifest.xml:26:9-30:19
151            android:name="com.google.android.datatransport.runtime.scheduling.jobscheduling.JobInfoSchedulerService"
151-->[com.google.android.datatransport:transport-runtime:2.2.0] AndroidManifest.xml:27:13-117
152            android:exported="false"
152-->[com.google.android.datatransport:transport-runtime:2.2.0] AndroidManifest.xml:28:13-37
153            android:permission="android.permission.BIND_JOB_SERVICE" >
153-->[com.google.android.datatransport:transport-runtime:2.2.0] AndroidManifest.xml:29:13-69
154        </service>
155
156        <receiver
156-->[com.google.android.datatransport:transport-runtime:2.2.0] AndroidManifest.xml:32:9-34:40
157            android:name="com.google.android.datatransport.runtime.scheduling.jobscheduling.AlarmManagerSchedulerBroadcastReceiver"
157-->[com.google.android.datatransport:transport-runtime:2.2.0] AndroidManifest.xml:33:13-132
158            android:exported="false" /> <!-- Needs to be explicitly declared on P+ -->
158-->[com.google.android.datatransport:transport-runtime:2.2.0] AndroidManifest.xml:34:13-37
159        <uses-library
159-->[com.google.android.gms:play-services-maps:16.1.0] AndroidManifest.xml:33:9-35:40
160            android:name="org.apache.http.legacy"
160-->[com.google.android.gms:play-services-maps:16.1.0] AndroidManifest.xml:34:13-50
161            android:required="false" />
161-->[com.google.android.gms:play-services-maps:16.1.0] AndroidManifest.xml:35:13-37
162
163        <receiver
163-->[com.google.firebase:firebase-iid:20.2.1] AndroidManifest.xml:37:9-44:20
164            android:name="com.google.firebase.iid.FirebaseInstanceIdReceiver"
164-->[com.google.firebase:firebase-iid:20.2.1] AndroidManifest.xml:38:13-78
165            android:exported="true"
165-->[com.google.firebase:firebase-iid:20.2.1] AndroidManifest.xml:39:13-36
166            android:permission="com.google.android.c2dm.permission.SEND" >
166-->[com.google.firebase:firebase-iid:20.2.1] AndroidManifest.xml:40:13-73
167            <intent-filter>
167-->[com.google.firebase:firebase-iid:20.2.1] AndroidManifest.xml:41:13-43:29
168                <action android:name="com.google.android.c2dm.intent.RECEIVE" />
168-->[com.google.firebase:firebase-iid:20.2.1] AndroidManifest.xml:42:17-81
168-->[com.google.firebase:firebase-iid:20.2.1] AndroidManifest.xml:42:25-78
169            </intent-filter>
170        </receiver>
171
172        <provider
172-->[com.google.firebase:firebase-common:19.3.0] AndroidManifest.xml:26:9-30:39
173            android:name="com.google.firebase.provider.FirebaseInitProvider"
173-->[com.google.firebase:firebase-common:19.3.0] AndroidManifest.xml:27:13-77
174            android:authorities="com.bestlocalchef.firebaseinitprovider"
174-->[com.google.firebase:firebase-common:19.3.0] AndroidManifest.xml:28:13-72
175            android:exported="false"
175-->[com.google.firebase:firebase-common:19.3.0] AndroidManifest.xml:29:13-37
176            android:initOrder="100" />
176-->[com.google.firebase:firebase-common:19.3.0] AndroidManifest.xml:30:13-36
177
178        <activity
178-->[com.google.android.gms:play-services-base:17.0.0] AndroidManifest.xml:23:9-26:75
179            android:name="com.google.android.gms.common.api.GoogleApiActivity"
179-->[com.google.android.gms:play-services-base:17.0.0] AndroidManifest.xml:24:13-79
180            android:exported="false"
180-->[com.google.android.gms:play-services-base:17.0.0] AndroidManifest.xml:25:13-37
181            android:theme="@android:style/Theme.Translucent.NoTitleBar" />
181-->[com.google.android.gms:play-services-base:17.0.0] AndroidManifest.xml:26:13-72
182
183        <meta-data
183-->[com.google.android.gms:play-services-basement:17.0.0] AndroidManifest.xml:23:9-25:69
184            android:name="com.google.android.gms.version"
184-->[com.google.android.gms:play-services-basement:17.0.0] AndroidManifest.xml:24:13-58
185            android:value="@integer/google_play_services_version" />
185-->[com.google.android.gms:play-services-basement:17.0.0] AndroidManifest.xml:25:13-66
186    </application>
187
188</manifest>